app/build/intermediates/manifest_merge_blame_file/debug/manifest-merger-blame-debug-report.txt
1<?xml version="1.0" encoding="utf-8"?>
2<manifest xmlns:android="http://schemas.android.com/apk/res/android"
3    package="com.joblena"
4    android:versionCode="1"
5    android:versionName="1.0" >
6
7    <uses-sdk
8        android:minSdkVersion="21"
8-->src\main\AndroidManifest.xml
9        android:targetSdkVersion="30" />
9-->src\main\AndroidManifest.xml
10
11    <uses-permission android:name="android.permission.ACCESS_NETWORK_STATE" />
11-->src\main\AndroidManifest.xml:5:5-79
11-->src\main\AndroidManifest.xml:5:22-76
12    <uses-permission android:name="android.permission.INTERNET" />
12-->src\main\AndroidManifest.xml:6:5-67
12-->src\main\AndroidManifest.xml:6:22-64
13    <uses-permission android:name="android.permission.ACCESS_FINE_LOCATION" />
13-->src\main\AndroidManifest.xml:7:5-79
13-->src\main\AndroidManifest.xml:7:22-76
14
15    <application
15-->src\main\AndroidManifest.xml:9:5-29:19
16        android:name="com.joblena.app.App"
16-->src\main\AndroidManifest.xml:10:9-32
17        android:allowBackup="true"
17-->src\main\AndroidManifest.xml:11:9-35
18        android:appComponentFactory="androidx.core.app.CoreComponentFactory"
18-->[androidx.core:core:1.5.0-beta01] AndroidManifest.xml:24:18-86
19        android:debuggable="true"
20        android:icon="@mipmap/ic_launcher"
20-->src\main\AndroidManifest.xml:12:9-43
21        android:label="@string/app_name"
21-->src\main\AndroidManifest.xml:13:9-41
22        android:roundIcon="@mipmap/ic_launcher_round"
22-->src\main\AndroidManifest.xml:14:9-54
23        android:supportsRtl="true"
23-->src\main\AndroidManifest.xml:15:9-35
24        android:testOnly="true"
25        android:theme="@style/AppTheme"
25-->src\main\AndroidManifest.xml:16:9-40
26        android:usesCleartextTraffic="true" >
26-->src\main\AndroidManifest.xml:17:9-44
27
28        <!--
29        .presentation.components.HostActivity
30        <activity android:name="com.joblena.presentation.components.company.CompanyActivity"></activity>
31        -->
32        <activity android:name="com.joblena.presentation.components.recuitment_skill.SkillActivity" />
32-->src\main\AndroidManifest.xml:20:9-92
32-->src\main\AndroidManifest.xml:20:19-89
33        <activity android:name="com.joblena.presentation.components.recuitment_job.JobActivity" />
33-->src\main\AndroidManifest.xml:21:9-88
33-->src\main\AndroidManifest.xml:21:19-85
34        <activity android:name="com.joblena.presentation.components.company.CompanyActivity" >
34-->src\main\AndroidManifest.xml:22:9-28:20
34-->src\main\AndroidManifest.xml:22:19-82
35            <intent-filter>
35-->src\main\AndroidManifest.xml:23:13-27:29
36                <action android:name="android.intent.action.MAIN" />
36-->src\main\AndroidManifest.xml:24:17-69
36-->src\main\AndroidManifest.xml:24:25-66
37
38                <category android:name="android.intent.category.LAUNCHER" />
38-->src\main\AndroidManifest.xml:26:17-77
38-->src\main\AndroidManifest.xml:26:27-74
39            </intent-filter>
40        </activity>
41
42        <meta-data
42-->[com.github.bumptech.glide:okhttp3-integration:4.11.0] AndroidManifest.xml:11:9-13:43
43            android:name="com.bumptech.glide.integration.okhttp3.OkHttpGlideModule"
43-->[com.github.bumptech.glide:okhttp3-integration:4.11.0] AndroidManifest.xml:12:13-84
44            android:value="GlideModule" />
44-->[com.github.bumptech.glide:okhttp3-integration:4.11.0] AndroidManifest.xml:13:13-40
45
46        <activity
46-->[com.google.android.gms:play-services-auth:17.0.0] AndroidManifest.xml:23:9-27:75
47            android:name="com.google.android.gms.auth.api.signin.internal.SignInHubActivity"
47-->[com.google.android.gms:play-services-auth:17.0.0] AndroidManifest.xml:24:13-93
48            android:excludeFromRecents="true"
48-->[com.google.android.gms:play-services-auth:17.0.0] AndroidManifest.xml:25:13-46
49            android:exported="false"
49-->[com.google.android.gms:play-services-auth:17.0.0] AndroidManifest.xml:26:13-37
50            android:theme="@android:style/Theme.Translucent.NoTitleBar" />
50-->[com.google.android.gms:play-services-auth:17.0.0] AndroidManifest.xml:27:13-72
51        <!--
52            Service handling Google Sign-In user revocation. For apps that do not integrate with
53            Google Sign-In, this service will never be started.
54        -->
55        <service
55-->[com.google.android.gms:play-services-auth:17.0.0] AndroidManifest.xml:33:9-36:110
56            android:name="com.google.android.gms.auth.api.signin.RevocationBoundService"
56-->[com.google.android.gms:play-services-auth:17.0.0] AndroidManifest.xml:34:13-89
57            android:exported="true"
57-->[com.google.android.gms:play-services-auth:17.0.0] AndroidManifest.xml:35:13-36
58            android:permission="com.google.android.gms.auth.api.signin.permission.REVOCATION_NOTIFICATION" />
58-->[com.google.android.gms:play-services-auth:17.0.0] AndroidManifest.xml:36:13-107
59
60        <activity
60-->[com.google.firebase:firebase-auth:19.2.0] AndroidManifest.xml:24:9-31:50
61            android:name="com.google.firebase.auth.internal.FederatedSignInActivity"
61-->[com.google.firebase:firebase-auth:19.2.0] AndroidManifest.xml:25:13-85
62            android:excludeFromRecents="true"
62-->[com.google.firebase:firebase-auth:19.2.0] AndroidManifest.xml:26:13-46
63            android:exported="true"
63-->[com.google.firebase:firebase-auth:19.2.0] AndroidManifest.xml:27:13-36
64            android:launchMode="singleTask"
64-->[com.google.firebase:firebase-auth:19.2.0] AndroidManifest.xml:28:13-44
65            android:permission="com.google.firebase.auth.api.gms.permission.LAUNCH_FEDERATED_SIGN_IN"
65-->[com.google.firebase:firebase-auth:19.2.0] AndroidManifest.xml:29:13-102
66            android:theme="@android:style/Theme.Translucent.NoTitleBar" />
66-->[com.google.firebase:firebase-auth:19.2.0] AndroidManifest.xml:30:13-72
67
68        <service
68-->[com.google.firebase:firebase-auth:19.2.0] AndroidManifest.xml:33:9-39:19
69            android:name="com.google.firebase.components.ComponentDiscoveryService"
69-->[com.google.firebase:firebase-auth:19.2.0] AndroidManifest.xml:34:13-84
70            android:directBootAware="true"
70-->[com.google.firebase:firebase-common:19.3.0] AndroidManifest.xml:34:13-43
71            android:exported="false" >
71-->[com.google.firebase:firebase-auth:19.2.0] AndroidManifest.xml:35:13-37
72            <meta-data
72-->[com.google.firebase:firebase-auth:19.2.0] AndroidManifest.xml:36:13-38:85
73                android:name="com.google.firebase.components:com.google.firebase.auth.FirebaseAuthRegistrar"
73-->[com.google.firebase:firebase-auth:19.2.0] AndroidManifest.xml:37:17-109
74                android:value="com.google.firebase.components.ComponentRegistrar" />
74-->[com.google.firebase:firebase-auth:19.2.0] AndroidManifest.xml:38:17-82
75        </service>
76
77        <activity
77-->[com.google.android.gms:play-services-base:17.1.0] AndroidManifest.xml:23:9-26:75
78            android:name="com.google.android.gms.common.api.GoogleApiActivity"
78-->[com.google.android.gms:play-services-base:17.1.0] AndroidManifest.xml:24:13-79
79            android:exported="false"
79-->[com.google.android.gms:play-services-base:17.1.0] AndroidManifest.xml:25:13-37
80            android:theme="@android:style/Theme.Translucent.NoTitleBar" />
80-->[com.google.android.gms:play-services-base:17.1.0] AndroidManifest.xml:26:13-72
81
82        <provider
82-->[com.google.firebase:firebase-common:19.3.0] AndroidManifest.xml:26:9-30:39
83            android:name="com.google.firebase.provider.FirebaseInitProvider"
83-->[com.google.firebase:firebase-common:19.3.0] AndroidManifest.xml:27:13-77
84            android:authorities="com.joblena.firebaseinitprovider"
84-->[com.google.firebase:firebase-common:19.3.0] AndroidManifest.xml:28:13-72
85            android:exported="false"
85-->[com.google.firebase:firebase-common:19.3.0] AndroidManifest.xml:29:13-37
86            android:initOrder="100" />
86-->[com.google.firebase:firebase-common:19.3.0] AndroidManifest.xml:30:13-36
87
88        <meta-data
88-->[com.google.android.gms:play-services-basement:17.1.0] AndroidManifest.xml:23:9-25:69
89            android:name="com.google.android.gms.version"
89-->[com.google.android.gms:play-services-basement:17.1.0] AndroidManifest.xml:24:13-58
90            android:value="@integer/google_play_services_version" />
90-->[com.google.android.gms:play-services-basement:17.1.0] AndroidManifest.xml:25:13-66
91
92        <activity
92-->[com.blankj:utilcodex:1.26.0] AndroidManifest.xml:10:9-15:75
93            android:name="com.blankj.utilcode.util.Utils$TransActivity"
93-->[com.blankj:utilcodex:1.26.0] AndroidManifest.xml:11:13-72
94            android:configChanges="orientation|keyboardHidden|screenSize"
94-->[com.blankj:utilcodex:1.26.0] AndroidManifest.xml:12:13-74
95            android:multiprocess="true"
95-->[com.blankj:utilcodex:1.26.0] AndroidManifest.xml:13:13-40
96            android:theme="@style/ActivityTranslucent"
96-->[com.blankj:utilcodex:1.26.0] AndroidManifest.xml:14:13-55
97            android:windowSoftInputMode="stateHidden|stateAlwaysHidden" />
97-->[com.blankj:utilcodex:1.26.0] AndroidManifest.xml:15:13-72
98
99        <provider
99-->[com.blankj:utilcodex:1.26.0] AndroidManifest.xml:17:9-26:20
100            android:name="com.blankj.utilcode.util.Utils$FileProvider4UtilCode"
100-->[com.blankj:utilcodex:1.26.0] AndroidManifest.xml:18:13-80
101            android:authorities="com.joblena.utilcode.provider"
101-->[com.blankj:utilcodex:1.26.0] AndroidManifest.xml:19:13-69
102            android:exported="false"
102-->[com.blankj:utilcodex:1.26.0] AndroidManifest.xml:20:13-37
103            android:grantUriPermissions="true"
103-->[com.blankj:utilcodex:1.26.0] AndroidManifest.xml:21:13-47
104            android:multiprocess="true" >
104-->[com.blankj:utilcodex:1.26.0] AndroidManifest.xml:22:13-40
105            <meta-data
105-->[com.blankj:utilcodex:1.26.0] AndroidManifest.xml:23:13-25:68
106                android:name="android.support.FILE_PROVIDER_PATHS"
106-->[com.blankj:utilcodex:1.26.0] AndroidManifest.xml:24:17-67
107                android:resource="@xml/util_code_provider_paths" />
107-->[com.blankj:utilcodex:1.26.0] AndroidManifest.xml:25:17-65
108        </provider>
109
110        <service android:name="com.blankj.utilcode.util.MessengerUtils$ServerService" >
110-->[com.blankj:utilcodex:1.26.0] AndroidManifest.xml:28:9-32:19
110-->[com.blankj:utilcodex:1.26.0] AndroidManifest.xml:28:18-86
111            <intent-filter>
111-->[com.blankj:utilcodex:1.26.0] AndroidManifest.xml:29:13-31:29
112                <action android:name="com.joblena.messenger" />
112-->[com.blankj:utilcodex:1.26.0] AndroidManifest.xml:30:17-69
112-->[com.blankj:utilcodex:1.26.0] AndroidManifest.xml:30:25-66
113            </intent-filter>
114        </service>
115
116        <provider
116-->[androidx.lifecycle:lifecycle-process:2.2.0] AndroidManifest.xml:25:9-29:43
117            android:name="androidx.lifecycle.ProcessLifecycleOwnerInitializer"
117-->[androidx.lifecycle:lifecycle-process:2.2.0] AndroidManifest.xml:26:13-79
118            android:authorities="com.joblena.lifecycle-process"
118-->[androidx.lifecycle:lifecycle-process:2.2.0] AndroidManifest.xml:27:13-69
119            android:exported="false"
119-->[androidx.lifecycle:lifecycle-process:2.2.0] AndroidManifest.xml:28:13-37
120            android:multiprocess="true" />
120-->[androidx.lifecycle:lifecycle-process:2.2.0] AndroidManifest.xml:29:13-40
121    </application>
122
123</manifest>